\BOOKMARK [0][-]{Doc-Start}{\376\377\000H\000a\000l\000a\000m\000a\000n\000\040\000J\000u\000d\000u\000l}{}% 1
\BOOKMARK [0][-]{section*.1}{\376\377\000H\000a\000l\000a\000m\000a\000n\000\040\000P\000e\000n\000g\000e\000s\000a\000h\000a\000n}{}% 2
\BOOKMARK [0][-]{section*.2}{\376\377\000H\000a\000l\000a\000m\000a\000n\000\040\000P\000e\000r\000n\000y\000a\000t\000a\000a\000n}{}% 3
\BOOKMARK [0][-]{section*.5}{\376\377\000D\000A\000F\000T\000A\000R\000\040\000I\000S\000I}{}% 4
\BOOKMARK [0][-]{section*.7}{\376\377\000D\000A\000F\000T\000A\000R\000\040\000T\000A\000B\000E\000L}{}% 5
\BOOKMARK [0][-]{section*.9}{\376\377\000D\000A\000F\000T\000A\000R\000\040\000G\000A\000M\000B\000A\000R}{}% 6
\BOOKMARK [0][-]{chapter.1}{\376\377\000P\000E\000N\000D\000A\000H\000U\000L\000U\000A\000N}{}% 7
\BOOKMARK [1][-]{section.1.1}{\376\377\000L\000a\000t\000a\000r\000\040\000B\000e\000l\000a\000k\000a\000n\000g}{chapter.1}% 8
\BOOKMARK [1][-]{section.1.2}{\376\377\000R\000u\000m\000u\000s\000a\000n\000\040\000M\000a\000s\000a\000l\000a\000h}{chapter.1}% 9
\BOOKMARK [1][-]{section.1.3}{\376\377\000B\000a\000t\000a\000s\000a\000n\000\040\000M\000a\000s\000a\000l\000a\000h}{chapter.1}% 10
\BOOKMARK [1][-]{section.1.4}{\376\377\000T\000u\000j\000u\000a\000n\000\040\000P\000e\000n\000e\000l\000i\000t\000i\000a\000n}{chapter.1}% 11
\BOOKMARK [1][-]{section.1.5}{\376\377\000M\000a\000n\000f\000a\000a\000t\000\040\000P\000e\000n\000e\000l\000i\000t\000i\000a\000n}{chapter.1}% 12
\BOOKMARK [1][-]{section.1.6}{\376\377\000S\000i\000s\000t\000e\000m\000a\000t\000i\000k\000a\000\040\000P\000e\000n\000u\000l\000i\000s\000a\000n}{chapter.1}% 13
\BOOKMARK [0][-]{chapter.2}{\376\377\000T\000I\000N\000J\000A\000U\000A\000N\000\040\000P\000U\000S\000T\000A\000K\000A}{}% 14
\BOOKMARK [1][-]{section.2.1}{\376\377\000S\000y\000n\000t\000h\000e\000s\000i\000s\000\040\000/\000\040\000D\000i\000s\000c\000u\000s\000s\000i\000o\000n}{chapter.2}% 15
\BOOKMARK [2][-]{subsection.2.1.1}{\376\377\000A\000s\000u\000m\000s\000i\000\040\000p\000e\000r\000i\000l\000a\000k\000u\000\040\000l\000a\000w\000a\000n\000\040\000d\000a\000l\000a\000m\000\040\000o\000p\000p\000o\000n\000e\000n\000t\000\040\000m\000o\000d\000e\000l\000l\000i\000n\000g\000\040\000u\000n\000t\000u\000k\000\040\000R\000e\000p\000e\000a\000t\000e\000d\000\040\000G\000a\000m\000e\000s}{section.2.1}% 16
\BOOKMARK [2][-]{subsection.2.1.2}{\376\377\000P\000e\000n\000d\000e\000k\000a\000t\000a\000n\000\040\000m\000e\000t\000o\000d\000o\000l\000o\000g\000i\000s\000\040\000d\000a\000l\000a\000m\000\040\000o\000p\000p\000o\000n\000e\000n\000t\000\040\000m\000o\000d\000e\000l\000l\000i\000n\000g\000\040\000u\000n\000t\000u\000k\000\040\000R\000e\000p\000e\000a\000t\000e\000d\000\040\000G\000a\000m\000e\000s}{section.2.1}% 17
\BOOKMARK [2][-]{subsection.2.1.3}{\376\377\000B\000a\000g\000a\000i\000m\000a\000n\000a\000\040\000e\000f\000e\000k\000t\000i\000v\000i\000t\000a\000s\000\040\000s\000t\000r\000a\000t\000e\000g\000i\000\040\000o\000p\000p\000o\000n\000e\000n\000t\000\040\000m\000o\000d\000e\000l\000l\000i\000n\000g\000\040\000d\000i\000e\000v\000a\000l\000u\000a\000s\000i\000\040\000d\000a\000l\000a\000m\000\040\000R\000e\000p\000e\000a\000t\000e\000d\000\040\000G\000a\000m\000e\000s\000?}{section.2.1}% 18
\BOOKMARK [1][-]{section.2.2}{\376\377\000K\000e\000s\000i\000m\000p\000u\000l\000a\000n}{chapter.2}% 19
\BOOKMARK [0][-]{chapter.3}{\376\377\000L\000A\000N\000D\000A\000S\000A\000N\000\040\000T\000E\000O\000R\000I}{}% 20
\BOOKMARK [1][-]{section.3.1}{\376\377\000D\000i\000l\000e\000m\000a\000\040\000S\000o\000s\000i\000a\000l\000\040\000d\000a\000l\000a\000m\000\040\000G\000a\000m\000e\000\040\000M\000u\000l\000t\000i\000-\000A\000g\000e\000n}{chapter.3}% 21
\BOOKMARK [2][-]{subsection.3.1.1}{\376\377\000P\000r\000i\000s\000o\000n\000n\000e\000r\000'\000s\000\040\000D\000i\000l\000e\000m\000m\000a}{section.3.1}% 22
\BOOKMARK [2][-]{subsection.3.1.2}{\376\377\000M\000u\000l\000t\000i\000-\000a\000g\000e\000n\000t\000\040\000s\000y\000s\000t\000e\000m}{section.3.1}% 23
\BOOKMARK [1][-]{section.3.2}{\376\377\000G\000a\000m\000e\000\040\000T\000h\000e\000o\000r\000y\000\040\000s\000e\000b\000a\000g\000a\000i\000\040\000M\000o\000d\000e\000l\000\040\000M\000a\000t\000e\000m\000a\000t\000i\000k\000a\000\040\000I\000n\000t\000e\000r\000a\000k\000s\000i\000\040\000S\000t\000r\000a\000t\000e\000g\000i\000s}{chapter.3}% 24
\BOOKMARK [1][-]{section.3.3}{\376\377\000R\000e\000p\000e\000a\000t\000e\000d\000\040\000G\000a\000m\000e\000\040\000d\000a\000n\000\040\000K\000e\000t\000e\000r\000g\000a\000n\000t\000u\000n\000g\000a\000n\000\040\000T\000e\000m\000p\000o\000r\000a\000l}{chapter.3}% 25
\BOOKMARK [2][-]{subsection.3.3.1}{\376\377\000H\000i\000s\000t\000o\000r\000y\000\040\000d\000e\000p\000e\000n\000d\000e\000n\000t\000-\000s\000t\000r\000a\000t\000e\000g\000i\000e\000s\000\040\000d\000a\000l\000a\000m\000\040\000R\000e\000p\000e\000a\000t\000e\000d\000\040\000G\000a\000m\000e}{section.3.3}% 26
\BOOKMARK [2][-]{subsection.3.3.2}{\376\377\000P\000e\000r\000k\000e\000m\000b\000a\000n\000g\000a\000n\000\040\000l\000a\000w\000a\000n}{section.3.3}% 27
\BOOKMARK [1][-]{section.3.4}{\376\377\000P\000e\000m\000o\000d\000e\000l\000a\000n\000\040\000L\000a\000w\000a\000n}{chapter.3}% 28
\BOOKMARK [2][-]{subsection.3.4.1}{\376\377\000P\000e\000n\000d\000e\000k\000a\000t\000a\000n\000\040\000R\000e\000i\000n\000f\000o\000r\000c\000e\000m\000e\000n\000t\000\040\000L\000e\000a\000r\000n\000i\000n\000g\000\040\000d\000a\000l\000a\000m\000\040\000R\000e\000p\000e\000a\000t\000e\000d\000\040\000G\000a\000m\000e}{section.3.4}% 29
\BOOKMARK [1][-]{section.3.5}{\376\377\000O\000p\000p\000o\000n\000e\000n\000t\000\040\000M\000o\000d\000e\000l\000i\000n\000g\000\040\000s\000e\000b\000a\000g\000a\000i\000\040\000P\000e\000m\000o\000d\000e\000l\000a\000n\000\040\000T\000i\000m\000e\000\040\000S\000e\000r\000i\000e\000s}{chapter.3}% 30
\BOOKMARK [2][-]{subsection.3.5.1}{\376\377\000E\000v\000o\000l\000u\000s\000i\000\040\000M\000o\000d\000e\000l\000\040\000P\000r\000e\000d\000i\000k\000t\000i\000f\000:\000\040\000A\000R\000,\000\040\000A\000N\000N\000,\000\040\000A\000R\000X\000,\000\040\000d\000a\000n\000\040\000N\000A\000R\000X}{section.3.5}% 31
\BOOKMARK [1][-]{section.3.6}{\376\377\000E\000v\000a\000l\000u\000a\000s\000i\000\040\000M\000o\000d\000e\000l\000\040\000P\000r\000e\000d\000i\000k\000s\000i\000\040\000P\000e\000r\000i\000l\000a\000k\000u\000\040\000L\000a\000w\000a\000n}{chapter.3}% 32
\BOOKMARK [2][-]{subsection.3.6.1}{\376\377\000K\000e\000t\000e\000r\000b\000a\000t\000a\000s\000a\000n\000\040\000P\000r\000e\000d\000i\000k\000s\000i\000\040\000G\000l\000o\000b\000a\000l\000\040\000p\000a\000d\000a\000\040\000H\000o\000r\000i\000z\000o\000n\000\040\000P\000a\000n\000j\000a\000n\000g}{section.3.6}% 33
\BOOKMARK [0][-]{chapter.4}{\376\377\000A\000N\000A\000L\000I\000S\000I\000S\000\040\000D\000A\000N\000\040\000P\000E\000R\000A\000N\000C\000A\000N\000G\000A\000N}{}% 34
\BOOKMARK [0][-]{chapter.5}{\376\377\000H\000A\000S\000I\000L\000\040\000D\000A\000N\000\040\000P\000E\000M\000B\000A\000H\000A\000S\000A\000N}{}% 35
\BOOKMARK [0][-]{chapter.6}{\376\377\000K\000E\000S\000I\000M\000P\000U\000L\000A\000N\000\040\000D\000A\000N\000\040\000S\000A\000R\000A\000N}{}% 36
\BOOKMARK [0][-]{section*.18}{\376\377\000D\000A\000F\000T\000A\000R\000\040\000P\000U\000S\000T\000A\000K\000A}{}% 37
\BOOKMARK [0][-]{chapter*.20}{\376\377\000L\000A\000M\000P\000I\000R\000A\000N}{}% 38
